24-03-21 19:20:33.612 : 00_RLFN_baseline
24-03-21 19:20:34.704 : 0000001.png - PSNR: 25.67 dB
24-03-21 19:20:34.926 : 0000002.png - PSNR: 21.01 dB
24-03-21 19:20:35.175 : 0000003.png - PSNR: 26.43 dB
24-03-21 19:20:35.358 : 0000004.png - PSNR: 24.26 dB
24-03-21 19:20:35.645 : 0000005.png - PSNR: 25.11 dB
24-03-21 19:20:35.914 : 0000006.png - PSNR: 20.39 dB
24-03-21 19:20:36.105 : 0000007.png - PSNR: 19.04 dB
24-03-21 19:20:36.250 : 0000008.png - PSNR: 23.39 dB
24-03-21 19:20:36.377 : 0000009.png - PSNR: 23.25 dB
24-03-21 19:20:36.560 : 0000010.png - PSNR: 20.97 dB
24-03-21 19:20:36.745 : 0000011.png - PSNR: 25.67 dB
24-03-21 19:20:36.962 : 0000012.png - PSNR: 25.19 dB
24-03-21 19:20:37.211 : 0000013.png - PSNR: 26.03 dB
24-03-21 19:20:37.396 : 0000014.png - PSNR: 24.84 dB
24-03-21 19:20:37.512 : 0000015.png - PSNR: 22.91 dB
24-03-21 19:20:37.725 : 0000016.png - PSNR: 21.06 dB
24-03-21 19:20:37.935 : 0000017.png - PSNR: 22.56 dB
24-03-21 19:20:38.193 : 0000018.png - PSNR: 25.84 dB
24-03-21 19:20:38.470 : 0000019.png - PSNR: 22.62 dB
24-03-21 19:20:38.735 : 0000020.png - PSNR: 25.04 dB
24-03-21 19:20:38.946 : 0000021.png - PSNR: 24.27 dB
24-03-21 19:20:39.151 : 0000022.png - PSNR: 26.06 dB
24-03-21 19:20:39.392 : 0000023.png - PSNR: 31.51 dB
24-03-21 19:20:39.558 : 0000024.png - PSNR: 20.96 dB
24-03-21 19:20:39.771 : 0000025.png - PSNR: 25.84 dB
24-03-21 19:20:39.929 : 0000026.png - PSNR: 31.70 dB
24-03-21 19:20:40.100 : 0000027.png - PSNR: 22.52 dB
24-03-21 19:20:40.268 : 0000028.png - PSNR: 20.75 dB
24-03-21 19:20:40.458 : 0000029.png - PSNR: 24.64 dB
24-03-21 19:20:40.695 : 0000030.png - PSNR: 23.37 dB
24-03-21 19:20:40.881 : 0000031.png - PSNR: 35.59 dB
24-03-21 19:20:41.036 : 0000032.png - PSNR: 21.46 dB
24-03-21 19:20:41.212 : 0000033.png - PSNR: 24.72 dB
24-03-21 19:20:41.306 : 0000034.png - PSNR: 21.73 dB
24-03-21 19:20:41.390 : 0000035.png - PSNR: 27.57 dB
24-03-21 19:20:41.523 : 0000036.png - PSNR: 21.15 dB
24-03-21 19:20:41.760 : 0000037.png - PSNR: 23.74 dB
24-03-21 19:20:41.975 : 0000038.png - PSNR: 23.57 dB
24-03-21 19:20:42.215 : 0000039.png - PSNR: 22.56 dB
24-03-21 19:20:42.385 : 0000040.png - PSNR: 33.80 dB
24-03-21 19:20:42.557 : 0000041.png - PSNR: 24.83 dB
24-03-21 19:20:42.737 : 0000042.png - PSNR: 21.87 dB
24-03-21 19:20:42.990 : 0000043.png - PSNR: 23.14 dB
24-03-21 19:20:43.250 : 0000044.png - PSNR: 24.13 dB
24-03-21 19:20:43.376 : 0000045.png - PSNR: 25.30 dB
24-03-21 19:20:43.619 : 0000046.png - PSNR: 26.40 dB
24-03-21 19:20:44.002 : 0000047.png - PSNR: 21.35 dB
24-03-21 19:20:44.621 : 0000048.png - PSNR: 29.35 dB
24-03-21 19:20:45.261 : 0000049.png - PSNR: 24.82 dB
24-03-21 19:20:45.588 : 0000050.png - PSNR: 29.73 dB
24-03-21 19:20:45.761 : 0000051.png - PSNR: 23.72 dB
24-03-21 19:20:46.161 : 0000052.png - PSNR: 26.41 dB
24-03-21 19:20:46.849 : 0000053.png - PSNR: 32.14 dB
24-03-21 19:20:47.256 : 0000054.png - PSNR: 27.96 dB
24-03-21 19:20:47.437 : 0000055.png - PSNR: 27.16 dB
24-03-21 19:20:47.699 : 0000056.png - PSNR: 24.75 dB
24-03-21 19:20:47.876 : 0000057.png - PSNR: 22.58 dB
24-03-21 19:20:48.166 : 0000058.png - PSNR: 19.19 dB
24-03-21 19:20:48.490 : 0000059.png - PSNR: 23.15 dB
24-03-21 19:20:48.748 : 0000060.png - PSNR: 22.89 dB
24-03-21 19:20:49.017 : 0000061.png - PSNR: 23.97 dB
24-03-21 19:20:49.244 : 0000062.png - PSNR: 20.87 dB
24-03-21 19:20:49.430 : 0000063.png - PSNR: 21.34 dB
24-03-21 19:20:49.660 : 0000064.png - PSNR: 28.34 dB
24-03-21 19:20:49.923 : 0000065.png - PSNR: 20.95 dB
24-03-21 19:20:50.173 : 0000066.png - PSNR: 24.07 dB
24-03-21 19:20:50.365 : 0000067.png - PSNR: 23.01 dB
24-03-21 19:20:50.540 : 0000068.png - PSNR: 26.68 dB
24-03-21 19:20:50.765 : 0000069.png - PSNR: 29.34 dB
24-03-21 19:20:50.989 : 0000070.png - PSNR: 31.04 dB
24-03-21 19:20:51.197 : 0000071.png - PSNR: 26.30 dB
24-03-21 19:20:51.370 : 0000072.png - PSNR: 26.55 dB
24-03-21 19:20:51.614 : 0000073.png - PSNR: 22.21 dB
24-03-21 19:20:51.865 : 0000074.png - PSNR: 27.38 dB
24-03-21 19:20:52.069 : 0000075.png - PSNR: 28.85 dB
24-03-21 19:20:52.311 : 0000076.png - PSNR: 22.95 dB
24-03-21 19:20:52.473 : 0000077.png - PSNR: 24.39 dB
24-03-21 19:20:52.627 : 0000078.png - PSNR: 26.15 dB
24-03-21 19:20:52.826 : 0000079.png - PSNR: 24.36 dB
24-03-21 19:20:53.027 : 0000080.png - PSNR: 24.34 dB
24-03-21 19:20:53.250 : 0000081.png - PSNR: 23.74 dB
24-03-21 19:20:53.464 : 0000082.png - PSNR: 19.77 dB
24-03-21 19:20:53.688 : 0000083.png - PSNR: 30.06 dB
24-03-21 19:20:53.844 : 0000084.png - PSNR: 31.71 dB
24-03-21 19:20:53.954 : 0000085.png - PSNR: 25.01 dB
24-03-21 19:20:54.132 : 0000086.png - PSNR: 27.22 dB
24-03-21 19:20:54.326 : 0000087.png - PSNR: 31.29 dB
24-03-21 19:20:54.573 : 0000088.png - PSNR: 30.00 dB
24-03-21 19:20:54.733 : 0000089.png - PSNR: 22.64 dB
24-03-21 19:20:54.899 : 0000090.png - PSNR: 21.45 dB
24-03-21 19:20:55.127 : 0000091.png - PSNR: 22.05 dB
24-03-21 19:20:55.381 : 0000092.png - PSNR: 18.96 dB
24-03-21 19:20:55.556 : 0000093.png - PSNR: 24.90 dB
24-03-21 19:20:55.705 : 0000094.png - PSNR: 22.79 dB
24-03-21 19:20:55.878 : 0000095.png - PSNR: 26.54 dB
24-03-21 19:20:56.127 : 0000096.png - PSNR: 29.61 dB
24-03-21 19:20:56.315 : 0000097.png - PSNR: 29.90 dB
24-03-21 19:20:56.723 : 0000098.png - PSNR: 24.14 dB
24-03-21 19:20:56.998 : 0000099.png - PSNR: 21.68 dB
24-03-21 19:20:57.221 : 0000100.png - PSNR: 25.26 dB
24-03-21 19:20:57.646 : 0801.png - PSNR: 29.50 dB
24-03-21 19:20:58.143 : 0802.png - PSNR: 35.29 dB
24-03-21 19:20:58.753 : 0803.png - PSNR: 40.60 dB
24-03-21 19:20:59.278 : 0804.png - PSNR: 27.47 dB
24-03-21 19:20:59.785 : 0805.png - PSNR: 28.57 dB
24-03-21 19:21:00.310 : 0806.png - PSNR: 28.50 dB
24-03-21 19:21:00.763 : 0807.png - PSNR: 20.25 dB
24-03-21 19:21:01.218 : 0808.png - PSNR: 26.84 dB
24-03-21 19:21:01.699 : 0809.png - PSNR: 32.28 dB
24-03-21 19:21:02.254 : 0810.png - PSNR: 26.78 dB
24-03-21 19:21:02.771 : 0811.png - PSNR: 29.11 dB
24-03-21 19:21:03.333 : 0812.png - PSNR: 28.03 dB
24-03-21 19:21:03.890 : 0813.png - PSNR: 31.43 dB
24-03-21 19:21:04.365 : 0814.png - PSNR: 28.31 dB
24-03-21 19:21:04.779 : 0815.png - PSNR: 34.17 dB
24-03-21 19:21:05.274 : 0816.png - PSNR: 31.70 dB
24-03-21 19:21:05.799 : 0817.png - PSNR: 32.28 dB
24-03-21 19:21:06.357 : 0818.png - PSNR: 29.00 dB
24-03-21 19:21:06.861 : 0819.png - PSNR: 28.10 dB
24-03-21 19:21:07.367 : 0820.png - PSNR: 24.97 dB
24-03-21 19:21:07.873 : 0821.png - PSNR: 32.17 dB
24-03-21 19:21:08.461 : 0822.png - PSNR: 30.70 dB
24-03-21 19:21:08.979 : 0823.png - PSNR: 26.08 dB
24-03-21 19:21:09.433 : 0824.png - PSNR: 28.51 dB
24-03-21 19:21:09.918 : 0825.png - PSNR: 27.41 dB
24-03-21 19:21:10.478 : 0826.png - PSNR: 24.23 dB
24-03-21 19:21:11.017 : 0827.png - PSNR: 33.59 dB
24-03-21 19:21:11.503 : 0828.png - PSNR: 21.84 dB
24-03-21 19:21:11.954 : 0829.png - PSNR: 26.61 dB
24-03-21 19:21:12.345 : 0830.png - PSNR: 24.49 dB
24-03-21 19:21:12.727 : 0831.png - PSNR: 30.27 dB
24-03-21 19:21:13.222 : 0832.png - PSNR: 30.83 dB
24-03-21 19:21:13.760 : 0833.png - PSNR: 34.19 dB
24-03-21 19:21:14.228 : 0834.png - PSNR: 25.44 dB
24-03-21 19:21:14.780 : 0835.png - PSNR: 22.89 dB
24-03-21 19:21:15.369 : 0836.png - PSNR: 25.94 dB
24-03-21 19:21:15.867 : 0837.png - PSNR: 26.28 dB
24-03-21 19:21:16.333 : 0838.png - PSNR: 37.79 dB
24-03-21 19:21:16.778 : 0839.png - PSNR: 29.09 dB
24-03-21 19:21:17.204 : 0840.png - PSNR: 28.42 dB
24-03-21 19:21:17.698 : 0841.png - PSNR: 28.22 dB
24-03-21 19:21:18.168 : 0842.png - PSNR: 29.91 dB
24-03-21 19:21:18.584 : 0843.png - PSNR: 41.27 dB
24-03-21 19:21:18.964 : 0844.png - PSNR: 44.39 dB
24-03-21 19:21:19.390 : 0845.png - PSNR: 24.27 dB
24-03-21 19:21:19.905 : 0846.png - PSNR: 25.58 dB
24-03-21 19:21:20.399 : 0847.png - PSNR: 27.77 dB
24-03-21 19:21:20.943 : 0848.png - PSNR: 27.30 dB
24-03-21 19:21:21.495 : 0849.png - PSNR: 22.41 dB
24-03-21 19:21:22.036 : 0850.png - PSNR: 29.17 dB
24-03-21 19:21:22.551 : 0851.png - PSNR: 28.55 dB
24-03-21 19:21:22.997 : 0852.png - PSNR: 30.06 dB
24-03-21 19:21:23.445 : 0853.png - PSNR: 34.30 dB
24-03-21 19:21:23.904 : 0854.png - PSNR: 24.96 dB
24-03-21 19:21:24.523 : 0855.png - PSNR: 29.44 dB
24-03-21 19:21:25.101 : 0856.png - PSNR: 24.39 dB
24-03-21 19:21:25.635 : 0857.png - PSNR: 34.95 dB
24-03-21 19:21:26.121 : 0858.png - PSNR: 28.58 dB
24-03-21 19:21:26.641 : 0859.png - PSNR: 25.42 dB
24-03-21 19:21:27.250 : 0860.png - PSNR: 20.62 dB
24-03-21 19:21:27.816 : 0861.png - PSNR: 23.10 dB
24-03-21 19:21:28.311 : 0862.png - PSNR: 33.18 dB
24-03-21 19:21:28.851 : 0863.png - PSNR: 33.25 dB
24-03-21 19:21:29.351 : 0864.png - PSNR: 29.95 dB
24-03-21 19:21:29.916 : 0865.png - PSNR: 27.31 dB
24-03-21 19:21:30.435 : 0866.png - PSNR: 25.11 dB
24-03-21 19:21:30.945 : 0867.png - PSNR: 28.52 dB
24-03-21 19:21:31.411 : 0868.png - PSNR: 32.90 dB
24-03-21 19:21:31.804 : 0869.png - PSNR: 23.81 dB
24-03-21 19:21:32.406 : 0870.png - PSNR: 28.65 dB
24-03-21 19:21:32.948 : 0871.png - PSNR: 32.19 dB
24-03-21 19:21:33.447 : 0872.png - PSNR: 24.07 dB
24-03-21 19:21:34.070 : 0873.png - PSNR: 24.08 dB
24-03-21 19:21:34.602 : 0874.png - PSNR: 30.16 dB
24-03-21 19:21:35.210 : 0875.png - PSNR: 24.41 dB
24-03-21 19:21:35.753 : 0876.png - PSNR: 22.17 dB
24-03-21 19:21:36.232 : 0877.png - PSNR: 40.45 dB
24-03-21 19:21:36.792 : 0878.png - PSNR: 32.23 dB
24-03-21 19:21:37.512 : 0879.png - PSNR: 27.36 dB
24-03-21 19:21:38.053 : 0880.png - PSNR: 32.19 dB
24-03-21 19:21:38.526 : 0881.png - PSNR: 26.01 dB
24-03-21 19:21:39.003 : 0882.png - PSNR: 34.28 dB
24-03-21 19:21:39.553 : 0883.png - PSNR: 26.40 dB
24-03-21 19:21:40.052 : 0884.png - PSNR: 25.99 dB
24-03-21 19:21:40.594 : 0885.png - PSNR: 22.95 dB
24-03-21 19:21:41.092 : 0886.png - PSNR: 36.61 dB
24-03-21 19:21:41.582 : 0887.png - PSNR: 25.29 dB
24-03-21 19:21:42.083 : 0888.png - PSNR: 30.68 dB
24-03-21 19:21:42.619 : 0889.png - PSNR: 31.02 dB
24-03-21 19:21:43.112 : 0890.png - PSNR: 25.30 dB
24-03-21 19:21:43.719 : 0891.png - PSNR: 26.95 dB
24-03-21 19:21:44.251 : 0892.png - PSNR: 30.24 dB
24-03-21 19:21:44.725 : 0893.png - PSNR: 33.33 dB
24-03-21 19:21:45.235 : 0894.png - PSNR: 31.84 dB
24-03-21 19:21:45.701 : 0895.png - PSNR: 20.42 dB
24-03-21 19:21:46.198 : 0896.png - PSNR: 39.26 dB
24-03-21 19:21:46.657 : 0897.png - PSNR: 22.17 dB
24-03-21 19:21:47.168 : 0898.png - PSNR: 34.66 dB
24-03-21 19:21:47.648 : 0899.png - PSNR: 31.47 dB
24-03-21 19:21:48.134 : 0900.png - PSNR: 28.06 dB
24-03-21 19:21:48.312 :       Max Memory : 467.698 [M]
24-03-21 19:21:48.312 : ------> Average runtime of (valid) is : 23.274540 milliseconds
24-03-21 19:21:48.312 : ------> Average PSNR of (valid) is : 26.955139 dB
24-03-21 19:21:48.345 :     #Activations : 80.0452 [M]
24-03-21 19:21:48.345 :          #Conv2d : 39
24-03-21 19:21:48.350 :            FLOPs : 19.6953 [G]
24-03-21 19:21:48.351 :          #Params : 0.3172 [M]
24-03-21 19:24:54.872 : 04_RLFN_PruneLocal
24-03-21 19:25:24.124 : 04_RLFN_PruneLocal
24-03-21 19:26:06.571 :       Max Memory : 774.006 [M]
24-03-21 19:26:06.571 : ------> Average runtime of (test) is : 23.549243 milliseconds
24-03-21 20:24:53.771 : 01_DepthRLFN
24-03-21 20:24:54.966 : 0000001.png - PSNR: 25.65 dB
24-03-21 20:24:55.189 : 0000002.png - PSNR: 21.01 dB
24-03-21 20:24:55.441 : 0000003.png - PSNR: 26.44 dB
24-03-21 20:24:55.637 : 0000004.png - PSNR: 24.24 dB
24-03-21 20:24:55.935 : 0000005.png - PSNR: 25.08 dB
24-03-21 20:24:56.219 : 0000006.png - PSNR: 20.37 dB
24-03-21 20:24:56.417 : 0000007.png - PSNR: 18.98 dB
24-03-21 20:24:56.570 : 0000008.png - PSNR: 23.39 dB
24-03-21 20:24:56.705 : 0000009.png - PSNR: 23.26 dB
24-03-21 20:24:56.898 : 0000010.png - PSNR: 20.88 dB
24-03-21 20:24:57.097 : 0000011.png - PSNR: 25.67 dB
24-03-21 20:24:57.320 : 0000012.png - PSNR: 25.25 dB
24-03-21 20:24:57.578 : 0000013.png - PSNR: 25.93 dB
24-03-21 20:24:57.779 : 0000014.png - PSNR: 24.80 dB
24-03-21 20:24:57.909 : 0000015.png - PSNR: 22.89 dB
24-03-21 20:24:58.126 : 0000016.png - PSNR: 21.05 dB
24-03-21 20:24:58.356 : 0000017.png - PSNR: 22.58 dB
24-03-21 20:24:58.637 : 0000018.png - PSNR: 25.80 dB
24-03-21 20:24:58.943 : 0000019.png - PSNR: 22.61 dB
24-03-21 20:24:59.231 : 0000020.png - PSNR: 24.99 dB
24-03-21 20:24:59.449 : 0000021.png - PSNR: 24.29 dB
24-03-21 20:24:59.663 : 0000022.png - PSNR: 26.02 dB
24-03-21 20:24:59.910 : 0000023.png - PSNR: 31.46 dB
24-03-21 20:25:00.086 : 0000024.png - PSNR: 20.92 dB
24-03-21 20:25:00.290 : 0000025.png - PSNR: 25.84 dB
24-03-21 20:25:00.444 : 0000026.png - PSNR: 31.62 dB
24-03-21 20:25:00.619 : 0000027.png - PSNR: 22.42 dB
24-03-21 20:25:00.795 : 0000028.png - PSNR: 20.70 dB
24-03-21 20:25:01.000 : 0000029.png - PSNR: 24.58 dB
24-03-21 20:25:01.262 : 0000030.png - PSNR: 23.35 dB
24-03-21 20:25:01.456 : 0000031.png - PSNR: 35.44 dB
24-03-21 20:25:01.623 : 0000032.png - PSNR: 21.38 dB
24-03-21 20:25:01.815 : 0000033.png - PSNR: 24.69 dB
24-03-21 20:25:01.919 : 0000034.png - PSNR: 21.63 dB
24-03-21 20:25:02.010 : 0000035.png - PSNR: 27.51 dB
24-03-21 20:25:02.148 : 0000036.png - PSNR: 21.12 dB
24-03-21 20:25:02.396 : 0000037.png - PSNR: 23.60 dB
24-03-21 20:25:02.618 : 0000038.png - PSNR: 23.58 dB
24-03-21 20:25:02.859 : 0000039.png - PSNR: 22.49 dB
24-03-21 20:25:03.041 : 0000040.png - PSNR: 33.55 dB
24-03-21 20:25:03.216 : 0000041.png - PSNR: 24.78 dB
24-03-21 20:25:03.408 : 0000042.png - PSNR: 21.88 dB
24-03-21 20:25:03.671 : 0000043.png - PSNR: 23.14 dB
24-03-21 20:25:03.948 : 0000044.png - PSNR: 24.08 dB
24-03-21 20:25:04.083 : 0000045.png - PSNR: 25.28 dB
24-03-21 20:25:04.333 : 0000046.png - PSNR: 26.38 dB
24-03-21 20:25:04.744 : 0000047.png - PSNR: 21.24 dB
24-03-21 20:25:05.387 : 0000048.png - PSNR: 29.34 dB
24-03-21 20:25:06.061 : 0000049.png - PSNR: 24.81 dB
24-03-21 20:25:06.408 : 0000050.png - PSNR: 29.71 dB
24-03-21 20:25:06.587 : 0000051.png - PSNR: 23.71 dB
24-03-21 20:25:06.993 : 0000052.png - PSNR: 26.28 dB
24-03-21 20:25:07.710 : 0000053.png - PSNR: 32.03 dB
24-03-21 20:25:08.158 : 0000054.png - PSNR: 27.95 dB
24-03-21 20:25:08.349 : 0000055.png - PSNR: 27.12 dB
24-03-21 20:25:08.616 : 0000056.png - PSNR: 24.69 dB
24-03-21 20:25:08.801 : 0000057.png - PSNR: 22.56 dB
24-03-21 20:25:09.086 : 0000058.png - PSNR: 19.18 dB
24-03-21 20:25:09.415 : 0000059.png - PSNR: 23.14 dB
24-03-21 20:25:09.689 : 0000060.png - PSNR: 22.86 dB
24-03-21 20:25:09.967 : 0000061.png - PSNR: 23.83 dB
24-03-21 20:25:10.211 : 0000062.png - PSNR: 20.84 dB
24-03-21 20:25:10.406 : 0000063.png - PSNR: 21.27 dB
24-03-21 20:25:10.648 : 0000064.png - PSNR: 28.25 dB
24-03-21 20:25:10.933 : 0000065.png - PSNR: 20.95 dB
24-03-21 20:25:11.195 : 0000066.png - PSNR: 24.05 dB
24-03-21 20:25:11.395 : 0000067.png - PSNR: 22.97 dB
24-03-21 20:25:11.579 : 0000068.png - PSNR: 26.64 dB
24-03-21 20:25:11.809 : 0000069.png - PSNR: 29.22 dB
24-03-21 20:25:12.036 : 0000070.png - PSNR: 30.77 dB
24-03-21 20:25:12.252 : 0000071.png - PSNR: 26.67 dB
24-03-21 20:25:12.428 : 0000072.png - PSNR: 26.45 dB
24-03-21 20:25:12.674 : 0000073.png - PSNR: 22.16 dB
24-03-21 20:25:12.928 : 0000074.png - PSNR: 27.35 dB
24-03-21 20:25:13.148 : 0000075.png - PSNR: 28.78 dB
24-03-21 20:25:13.399 : 0000076.png - PSNR: 22.92 dB
24-03-21 20:25:13.580 : 0000077.png - PSNR: 24.39 dB
24-03-21 20:25:13.740 : 0000078.png - PSNR: 26.11 dB
24-03-21 20:25:13.948 : 0000079.png - PSNR: 24.34 dB
24-03-21 20:25:14.157 : 0000080.png - PSNR: 24.30 dB
24-03-21 20:25:14.388 : 0000081.png - PSNR: 23.75 dB
24-03-21 20:25:14.614 : 0000082.png - PSNR: 19.75 dB
24-03-21 20:25:14.848 : 0000083.png - PSNR: 29.95 dB
24-03-21 20:25:15.018 : 0000084.png - PSNR: 31.64 dB
24-03-21 20:25:15.151 : 0000085.png - PSNR: 24.97 dB
24-03-21 20:25:15.340 : 0000086.png - PSNR: 27.16 dB
24-03-21 20:25:15.548 : 0000087.png - PSNR: 31.28 dB
24-03-21 20:25:15.805 : 0000088.png - PSNR: 29.92 dB
24-03-21 20:25:15.975 : 0000089.png - PSNR: 22.61 dB
24-03-21 20:25:16.144 : 0000090.png - PSNR: 21.42 dB
24-03-21 20:25:16.368 : 0000091.png - PSNR: 22.03 dB
24-03-21 20:25:16.626 : 0000092.png - PSNR: 18.91 dB
24-03-21 20:25:16.804 : 0000093.png - PSNR: 24.91 dB
24-03-21 20:25:16.954 : 0000094.png - PSNR: 22.78 dB
24-03-21 20:25:17.127 : 0000095.png - PSNR: 26.58 dB
24-03-21 20:25:17.379 : 0000096.png - PSNR: 29.59 dB
24-03-21 20:25:17.585 : 0000097.png - PSNR: 29.72 dB
24-03-21 20:25:18.004 : 0000098.png - PSNR: 24.07 dB
24-03-21 20:25:18.297 : 0000099.png - PSNR: 21.68 dB
24-03-21 20:25:18.523 : 0000100.png - PSNR: 25.21 dB
24-03-21 20:25:18.967 : 0801.png - PSNR: 29.36 dB
24-03-21 20:25:19.493 : 0802.png - PSNR: 35.18 dB
24-03-21 20:25:20.107 : 0803.png - PSNR: 40.34 dB
24-03-21 20:25:20.629 : 0804.png - PSNR: 27.42 dB
24-03-21 20:25:21.152 : 0805.png - PSNR: 28.53 dB
24-03-21 20:25:21.677 : 0806.png - PSNR: 28.35 dB
24-03-21 20:25:22.141 : 0807.png - PSNR: 20.21 dB
24-03-21 20:25:22.621 : 0808.png - PSNR: 26.82 dB
24-03-21 20:25:23.127 : 0809.png - PSNR: 32.23 dB
24-03-21 20:25:23.708 : 0810.png - PSNR: 26.72 dB
24-03-21 20:25:24.225 : 0811.png - PSNR: 29.10 dB
24-03-21 20:25:24.812 : 0812.png - PSNR: 27.94 dB
24-03-21 20:25:25.383 : 0813.png - PSNR: 31.34 dB
24-03-21 20:25:25.876 : 0814.png - PSNR: 28.20 dB
24-03-21 20:25:26.315 : 0815.png - PSNR: 33.95 dB
24-03-21 20:25:26.841 : 0816.png - PSNR: 31.69 dB
24-03-21 20:25:27.396 : 0817.png - PSNR: 32.11 dB
24-03-21 20:25:27.982 : 0818.png - PSNR: 28.85 dB
24-03-21 20:25:28.521 : 0819.png - PSNR: 28.06 dB
24-03-21 20:25:29.069 : 0820.png - PSNR: 24.95 dB
24-03-21 20:25:29.622 : 0821.png - PSNR: 32.09 dB
24-03-21 20:25:30.264 : 0822.png - PSNR: 30.64 dB
24-03-21 20:25:30.846 : 0823.png - PSNR: 26.06 dB
24-03-21 20:25:31.325 : 0824.png - PSNR: 28.49 dB
24-03-21 20:25:31.833 : 0825.png - PSNR: 27.35 dB
24-03-21 20:25:32.413 : 0826.png - PSNR: 24.24 dB
24-03-21 20:25:33.022 : 0827.png - PSNR: 33.53 dB
24-03-21 20:25:33.553 : 0828.png - PSNR: 21.51 dB
24-03-21 20:25:34.040 : 0829.png - PSNR: 26.59 dB
24-03-21 20:25:34.441 : 0830.png - PSNR: 24.50 dB
24-03-21 20:25:34.861 : 0831.png - PSNR: 30.21 dB
24-03-21 20:25:35.389 : 0832.png - PSNR: 30.71 dB
24-03-21 20:25:35.977 : 0833.png - PSNR: 34.12 dB
24-03-21 20:25:36.463 : 0834.png - PSNR: 25.42 dB
24-03-21 20:25:37.037 : 0835.png - PSNR: 22.86 dB
24-03-21 20:25:37.657 : 0836.png - PSNR: 25.88 dB
24-03-21 20:25:38.192 : 0837.png - PSNR: 26.27 dB
24-03-21 20:25:38.709 : 0838.png - PSNR: 37.76 dB
24-03-21 20:25:39.174 : 0839.png - PSNR: 29.08 dB
24-03-21 20:25:39.624 : 0840.png - PSNR: 28.39 dB
24-03-21 20:25:40.150 : 0841.png - PSNR: 28.14 dB
24-03-21 20:25:40.628 : 0842.png - PSNR: 29.79 dB
24-03-21 20:25:41.065 : 0843.png - PSNR: 41.30 dB
24-03-21 20:25:41.461 : 0844.png - PSNR: 44.06 dB
24-03-21 20:25:41.922 : 0845.png - PSNR: 23.99 dB
24-03-21 20:25:42.451 : 0846.png - PSNR: 25.41 dB
24-03-21 20:25:42.939 : 0847.png - PSNR: 27.77 dB
24-03-21 20:25:43.500 : 0848.png - PSNR: 27.24 dB
24-03-21 20:25:44.068 : 0849.png - PSNR: 22.36 dB
24-03-21 20:25:44.604 : 0850.png - PSNR: 29.15 dB
24-03-21 20:25:45.128 : 0851.png - PSNR: 28.45 dB
24-03-21 20:25:45.577 : 0852.png - PSNR: 30.03 dB
24-03-21 20:25:46.024 : 0853.png - PSNR: 34.10 dB
24-03-21 20:25:46.482 : 0854.png - PSNR: 24.95 dB
24-03-21 20:25:47.101 : 0855.png - PSNR: 29.36 dB
24-03-21 20:25:47.702 : 0856.png - PSNR: 24.33 dB
24-03-21 20:25:48.252 : 0857.png - PSNR: 34.93 dB
24-03-21 20:25:48.745 : 0858.png - PSNR: 28.54 dB
24-03-21 20:25:49.263 : 0859.png - PSNR: 25.35 dB
24-03-21 20:25:49.850 : 0860.png - PSNR: 20.59 dB
24-03-21 20:25:50.410 : 0861.png - PSNR: 23.07 dB
24-03-21 20:25:50.909 : 0862.png - PSNR: 33.15 dB
24-03-21 20:25:51.478 : 0863.png - PSNR: 33.23 dB
24-03-21 20:25:52.002 : 0864.png - PSNR: 29.93 dB
24-03-21 20:25:52.582 : 0865.png - PSNR: 27.31 dB
24-03-21 20:25:53.103 : 0866.png - PSNR: 25.00 dB
24-03-21 20:25:53.647 : 0867.png - PSNR: 28.45 dB
24-03-21 20:25:54.131 : 0868.png - PSNR: 32.85 dB
24-03-21 20:25:54.529 : 0869.png - PSNR: 23.78 dB
24-03-21 20:25:55.144 : 0870.png - PSNR: 28.60 dB
24-03-21 20:25:55.718 : 0871.png - PSNR: 32.13 dB
24-03-21 20:25:56.236 : 0872.png - PSNR: 24.00 dB
24-03-21 20:25:56.788 : 0873.png - PSNR: 24.04 dB
24-03-21 20:25:57.327 : 0874.png - PSNR: 30.13 dB
24-03-21 20:25:57.935 : 0875.png - PSNR: 24.38 dB
24-03-21 20:25:58.485 : 0876.png - PSNR: 22.13 dB
24-03-21 20:25:58.961 : 0877.png - PSNR: 40.19 dB
24-03-21 20:25:59.541 : 0878.png - PSNR: 32.23 dB
24-03-21 20:26:00.298 : 0879.png - PSNR: 27.33 dB
24-03-21 20:26:00.862 : 0880.png - PSNR: 32.09 dB
24-03-21 20:26:01.337 : 0881.png - PSNR: 25.92 dB
24-03-21 20:26:01.832 : 0882.png - PSNR: 34.22 dB
24-03-21 20:26:02.401 : 0883.png - PSNR: 26.36 dB
24-03-21 20:26:02.942 : 0884.png - PSNR: 25.92 dB
24-03-21 20:26:03.495 : 0885.png - PSNR: 22.83 dB
24-03-21 20:26:04.017 : 0886.png - PSNR: 36.34 dB
24-03-21 20:26:04.535 : 0887.png - PSNR: 25.30 dB
24-03-21 20:26:05.052 : 0888.png - PSNR: 30.57 dB
24-03-21 20:26:05.607 : 0889.png - PSNR: 30.87 dB
24-03-21 20:26:06.120 : 0890.png - PSNR: 25.29 dB
24-03-21 20:26:06.730 : 0891.png - PSNR: 26.96 dB
24-03-21 20:26:07.283 : 0892.png - PSNR: 29.97 dB
24-03-21 20:26:07.783 : 0893.png - PSNR: 33.27 dB
24-03-21 20:26:08.304 : 0894.png - PSNR: 31.83 dB
24-03-21 20:26:08.796 : 0895.png - PSNR: 20.41 dB
24-03-21 20:26:09.302 : 0896.png - PSNR: 39.16 dB
24-03-21 20:26:09.785 : 0897.png - PSNR: 22.13 dB
24-03-21 20:26:10.318 : 0898.png - PSNR: 34.42 dB
24-03-21 20:26:10.834 : 0899.png - PSNR: 31.30 dB
24-03-21 20:26:11.343 : 0900.png - PSNR: 27.96 dB
24-03-21 20:26:11.530 :       Max Memory : 468.144 [M]
24-03-21 20:26:11.530 : ------> Average runtime of (valid) is : 24.477530 milliseconds
24-03-21 20:26:11.530 : ------> Average PSNR of (valid) is : 26.896820 dB
24-03-21 20:26:11.564 :     #Activations : 92.6281 [M]
24-03-21 20:26:11.564 :          #Conv2d : 43
24-03-21 20:26:11.571 :            FLOPs : 14.9893 [G]
24-03-21 20:26:11.571 :          #Params : 0.2454 [M]
